<?xml version="1.0" encoding="UTF-8"?>
<testsuite xmlns:xsi="http://www.w3.org/2001/XMLSchema-instance" xsi:noNamespaceSchemaLocation="https://maven.apache.org/surefire/maven-surefire-plugin/xsd/surefire-test-report-3.0.xsd" version="3.0" name="com.unsa.suppliers.SuppliersApplicationTests" time="13.025" tests="1" errors="0" skipped="0" failures="0">
  <properties>
[...]
</properties>
  <testcase name="contextLoads" classname="com.unsa.suppliers.SuppliersApplicationTests" time="0.429">
    <system-out><![CDATA[22:55:36.490 [main] INFO org.springframework.test.context.support.AnnotationConfigContextLoaderUtils -- Could not detect default configuration classes for test class [com.unsa.suppliers.SuppliersApplicationTests]: SuppliersApplicationTests does not declare any static, non-private, non-final, nested classes annotated with @Configuration.
22:55:36.578 [main] INFO org.springframework.boot.test.context.SpringBootTestContextBootstrapper -- Found @SpringBootConfiguration com.unsa.suppliers.SuppliersApplication for test class com.unsa.suppliers.SuppliersApplicationTests

  .   ____          _            __ _ _
 /\\ / ___'_ __ _ _(_)_ __  __ _ \ \ \ \
( ( )\___ | '_ | '_| | '_ \/ _` | \ \ \ \
 \\/  ___)| |_)| | | | | || (_| |  ) ) ) )
  '  |____| .__|_| |_|_| |_\__, | / / / /
 =========|_|==============|___/=/_/_/_/
 :: Spring Boot ::                (v3.2.1)

2024-01-06T22:55:36.946-05:00  INFO 14956 --- [suppliers-backend] [           main] c.u.suppliers.SuppliersApplicationTests  : Starting SuppliersApplicationTests using Java 17.0.6 with PID 14956 (started by Angel in D:\UNSA-Ingenieria-De-Sistemas\2023B\Negocios-Electronicos\Laboratorio\Octava-Practica\suppliers)
2024-01-06T22:55:36.948-05:00  INFO 14956 --- [suppliers-backend] [           main] c.u.suppliers.SuppliersApplicationTests  : No active profile set, falling back to 1 default profile: "default"
2024-01-06T22:55:37.789-05:00  INFO 14956 --- [suppliers-backend] [           main] .s.d.r.c.RepositoryConfigurationDelegate : Bootstrapping Spring Data JPA repositories in DEFAULT mode.
2024-01-06T22:55:37.859-05:00  INFO 14956 --- [suppliers-backend] [           main] .s.d.r.c.RepositoryConfigurationDelegate : Finished Spring Data repository scanning in 61 ms. Found 6 JPA repository interfaces.
2024-01-06T22:55:38.382-05:00  INFO 14956 --- [suppliers-backend] [           main] o.hibernate.jpa.internal.util.LogHelper  : HHH000204: Processing PersistenceUnitInfo [name: default]
2024-01-06T22:55:38.434-05:00  INFO 14956 --- [suppliers-backend] [           main] org.hibernate.Version                    : HHH000412: Hibernate ORM core version 6.4.1.Final
2024-01-06T22:55:38.465-05:00  INFO 14956 --- [suppliers-backend] [           main] o.h.c.internal.RegionFactoryInitiator    : HHH000026: Second-level cache disabled
2024-01-06T22:55:38.737-05:00  INFO 14956 --- [suppliers-backend] [           main] o.s.o.j.p.SpringPersistenceUnitInfo      : No LoadTimeWeaver setup: ignoring JPA class transformer
2024-01-06T22:55:38.762-05:00  INFO 14956 --- [suppliers-backend] [           main] com.zaxxer.hikari.HikariDataSource       : HikariPool-1 - Starting...
2024-01-06T22:55:41.144-05:00  INFO 14956 --- [suppliers-backend] [           main] com.zaxxer.hikari.pool.HikariPool        : HikariPool-1 - Added connection com.mysql.cj.jdbc.ConnectionImpl@445058e8
2024-01-06T22:55:41.146-05:00  INFO 14956 --- [suppliers-backend] [           main] com.zaxxer.hikari.HikariDataSource       : HikariPool-1 - Start completed.
2024-01-06T22:55:42.404-05:00  INFO 14956 --- [suppliers-backend] [           main] o.h.e.t.j.p.i.JtaPlatformInitiator       : HHH000489: No JTA platform available (set 'hibernate.transaction.jta.platform' to enable JTA platform integration)
2024-01-06T22:55:47.545-05:00  INFO 14956 --- [suppliers-backend] [           main] j.LocalContainerEntityManagerFactoryBean : Initialized JPA EntityManagerFactory for persistence unit 'default'
2024-01-06T22:55:48.229-05:00  WARN 14956 --- [suppliers-backend] [           main] JpaBaseConfiguration$JpaWebConfiguration : spring.jpa.open-in-view is enabled by default. Therefore, database queries may be performed during view rendering. Explicitly configure spring.jpa.open-in-view to disable this warning
2024-01-06T22:55:48.564-05:00  INFO 14956 --- [suppliers-backend] [           main] o.s.s.web.DefaultSecurityFilterChain     : Will secure any request with [org.springframework.security.web.session.DisableEncodeUrlFilter@7976d382, org.springframework.security.web.context.request.async.WebAsyncManagerIntegrationFilter@59f36439, org.springframework.security.web.context.SecurityContextHolderFilter@2561d61, org.springframework.security.web.header.HeaderWriterFilter@29897daf, org.springframework.web.filter.CorsFilter@4feea86f, org.springframework.security.web.authentication.logout.LogoutFilter@7ae97a58, com.unsa.suppliers.infrastructure.security.JwtAuthorizationFilter@258291de, com.unsa.suppliers.infrastructure.security.JwtAuthenticationFilter@6a9c848, org.springframework.security.web.savedrequest.RequestCacheAwareFilter@374712f8, org.springframework.security.web.servletapi.SecurityContextHolderAwareRequestFilter@33aa4326, org.springframework.security.web.authentication.AnonymousAuthenticationFilter@498cf1dc, org.springframework.security.web.session.SessionManagementFilter@5246453e, org.springframework.security.web.access.ExceptionTranslationFilter@69eb1f23, org.springframework.security.web.access.intercept.AuthorizationFilter@6a495d88]
2024-01-06T22:55:48.926-05:00  INFO 14956 --- [suppliers-backend] [           main] c.u.suppliers.SuppliersApplicationTests  : Started SuppliersApplicationTests in 12.204 seconds (process running for 13.018)
]]></system-out>
  </testcase>
</testsuite>